{"level":"info","message":"Listening on 4040"}
{"level":"info","message":"Mongo connected to mongodb+srv://ameenahmedshariff:manubrothers@cluster0.0ejkjdw.mongodb.net/?retryWrites=true&w=majority"}
{"level":"info","message":{"body":{},"headers":{"accept":"text/html,application/xhtml+xml,application/xml;q=0.9,image/avif,image/webp,image/apng,*/*;q=0.8,application/signed-exchange;v=b3;q=0.7","accept-encoding":"gzip, deflate, br","accept-language":"en-US,en;q=0.9","connection":"keep-alive","cookie":"_ga=GA1.1.298080451.1691488637; G_ENABLED_IDPS=google; _ga_1R840FYM5K=GS1.1.1691496047.3.1.1691498084.44.0.0; mp_d7f79c10b89f9fa3026f2fb08d3cf36d_mixpanel=%7B%22distinct_id%22%3A%20%22%24device%3A18a5f731adeaa91-0ba14cd4ba5622-26031f51-1fa400-18a5f731adeaa92%22%2C%22%24device_id%22%3A%20%2218a5f731adeaa91-0ba14cd4ba5622-26031f51-1fa400-18a5f731adeaa92%22%2C%22%24initial_referrer%22%3A%20%22%24direct%22%2C%22%24initial_referring_domain%22%3A%20%22%24direct%22%7D","host":"localhost:4040","sec-ch-ua":"\"Chromium\";v=\"118\", \"Google Chrome\";v=\"118\", \"Not=A?Brand\";v=\"99\"","sec-ch-ua-mobile":"?0","sec-ch-ua-platform":"\"Windows\"","sec-fetch-dest":"document","sec-fetch-mode":"navigate","sec-fetch-site":"none","sec-fetch-user":"?1","upgrade-insecure-requests":"1","user-agent":"Mozilla/5.0 (Windows NT 10.0; Win64; x64) AppleWebKit/537.36 (KHTML, like Gecko) Chrome/118.0.0.0 Safari/537.36"},"httpVersion":"1.1","method":"GET","originalUrl":"/blogs","query":{},"res":{"statusCode":200},"url":"/blogs"}}
{"level":"info","message":{"body":{},"headers":{"accept":"image/avif,image/webp,image/apng,image/svg+xml,image/*,*/*;q=0.8","accept-encoding":"gzip, deflate, br","accept-language":"en-US,en;q=0.9","connection":"keep-alive","cookie":"_ga=GA1.1.298080451.1691488637; G_ENABLED_IDPS=google; _ga_1R840FYM5K=GS1.1.1691496047.3.1.1691498084.44.0.0; connect.sid=s%3A2MTgUucvT7I1KvB6lRy2qW2N9-RYG3yF.1jILt5fVmDP6wk73kfdMZKBMRGhZ%2FzS1DJFpyryNujQ; mp_d7f79c10b89f9fa3026f2fb08d3cf36d_mixpanel=%7B%22distinct_id%22%3A%20%22%24device%3A18a5f731adeaa91-0ba14cd4ba5622-26031f51-1fa400-18a5f731adeaa92%22%2C%22%24device_id%22%3A%20%2218a5f731adeaa91-0ba14cd4ba5622-26031f51-1fa400-18a5f731adeaa92%22%2C%22%24initial_referrer%22%3A%20%22%24direct%22%2C%22%24initial_referring_domain%22%3A%20%22%24direct%22%7D","host":"localhost:4040","referer":"http://localhost:4040/blogs","sec-ch-ua":"\"Chromium\";v=\"118\", \"Google Chrome\";v=\"118\", \"Not=A?Brand\";v=\"99\"","sec-ch-ua-mobile":"?0","sec-ch-ua-platform":"\"Windows\"","sec-fetch-dest":"image","sec-fetch-mode":"no-cors","sec-fetch-site":"same-origin","user-agent":"Mozilla/5.0 (Windows NT 10.0; Win64; x64) AppleWebKit/537.36 (KHTML, like Gecko) Chrome/118.0.0.0 Safari/537.36"},"httpVersion":"1.1","method":"GET","originalUrl":"/favicon.ico","query":{},"res":{"statusCode":200},"url":"/favicon.ico"}}
{"level":"error","message":{"msg":"404 - Not Found; url: /favicon.ico","success":false}}
{"level":"info","message":"Listening on 4040"}
{"level":"info","message":"Mongo connected to mongodb+srv://ameenahmedshariff:manubrothers@cluster0.0ejkjdw.mongodb.net/?retryWrites=true&w=majority"}
{"level":"info","message":"Listening on 4040"}
{"level":"info","message":"Mongo connected to mongodb+srv://ameenahmedshariff:manubrothers@cluster0.0ejkjdw.mongodb.net/?retryWrites=true&w=majority"}
{"level":"info","message":"Listening on 4040"}
{"level":"info","message":"Mongo connected to mongodb+srv://ameenahmedshariff:manubrothers@cluster0.0ejkjdw.mongodb.net/?retryWrites=true&w=majority"}
{"level":"info","message":"Listening on 4040"}
{"level":"info","message":"Mongo connected to mongodb+srv://ameenahmedshariff:manubrothers@cluster0.0ejkjdw.mongodb.net/?retryWrites=true&w=majority"}
{"level":"info","message":"Listening on 4040"}
{"level":"info","message":"Mongo connected to mongodb+srv://ameenahmedshariff:manubrothers@cluster0.0ejkjdw.mongodb.net/?retryWrites=true&w=majority"}
{"level":"info","message":"Listening on 4040"}
{"level":"info","message":"Mongo connected to mongodb+srv://ameenahmedshariff:manubrothers@cluster0.0ejkjdw.mongodb.net/?retryWrites=true&w=majority"}
{"level":"info","message":"Listening on 4040"}
{"level":"info","message":"Mongo connected to mongodb+srv://ameenahmedshariff:manubrothers@cluster0.0ejkjdw.mongodb.net/?retryWrites=true&w=majority"}
{"level":"info","message":{"body":{},"headers":{"accept":"text/html,application/xhtml+xml,application/xml;q=0.9,image/avif,image/webp,image/apng,*/*;q=0.8,application/signed-exchange;v=b3;q=0.7","accept-encoding":"gzip, deflate, br","accept-language":"en-US,en;q=0.9","connection":"keep-alive","cookie":"_ga=GA1.1.298080451.1691488637; G_ENABLED_IDPS=google; _ga_1R840FYM5K=GS1.1.1691496047.3.1.1691498084.44.0.0; connect.sid=s%3A2MTgUucvT7I1KvB6lRy2qW2N9-RYG3yF.1jILt5fVmDP6wk73kfdMZKBMRGhZ%2FzS1DJFpyryNujQ; mp_d7f79c10b89f9fa3026f2fb08d3cf36d_mixpanel=%7B%22distinct_id%22%3A%20%22%24device%3A18a5f731adeaa91-0ba14cd4ba5622-26031f51-1fa400-18a5f731adeaa92%22%2C%22%24device_id%22%3A%20%2218a5f731adeaa91-0ba14cd4ba5622-26031f51-1fa400-18a5f731adeaa92%22%2C%22%24initial_referrer%22%3A%20%22%24direct%22%2C%22%24initial_referring_domain%22%3A%20%22%24direct%22%7D","host":"localhost:4040","sec-ch-ua":"\"Chromium\";v=\"118\", \"Google Chrome\";v=\"118\", \"Not=A?Brand\";v=\"99\"","sec-ch-ua-mobile":"?0","sec-ch-ua-platform":"\"Windows\"","sec-fetch-dest":"document","sec-fetch-mode":"navigate","sec-fetch-site":"none","sec-fetch-user":"?1","upgrade-insecure-requests":"1","user-agent":"Mozilla/5.0 (Windows NT 10.0; Win64; x64) AppleWebKit/537.36 (KHTML, like Gecko) Chrome/118.0.0.0 Safari/537.36"},"httpVersion":"1.1","method":"GET","originalUrl":"/blogs","query":{},"res":{"statusCode":200},"url":"/blogs"}}
{"level":"info","message":{"body":{},"headers":{"accept":"image/avif,image/webp,image/apng,image/svg+xml,image/*,*/*;q=0.8","accept-encoding":"gzip, deflate, br","accept-language":"en-US,en;q=0.9","connection":"keep-alive","cookie":"_ga=GA1.1.298080451.1691488637; G_ENABLED_IDPS=google; _ga_1R840FYM5K=GS1.1.1691496047.3.1.1691498084.44.0.0; connect.sid=s%3A2MTgUucvT7I1KvB6lRy2qW2N9-RYG3yF.1jILt5fVmDP6wk73kfdMZKBMRGhZ%2FzS1DJFpyryNujQ; mp_d7f79c10b89f9fa3026f2fb08d3cf36d_mixpanel=%7B%22distinct_id%22%3A%20%22%24device%3A18a5f731adeaa91-0ba14cd4ba5622-26031f51-1fa400-18a5f731adeaa92%22%2C%22%24device_id%22%3A%20%2218a5f731adeaa91-0ba14cd4ba5622-26031f51-1fa400-18a5f731adeaa92%22%2C%22%24initial_referrer%22%3A%20%22%24direct%22%2C%22%24initial_referring_domain%22%3A%20%22%24direct%22%7D","host":"localhost:4040","referer":"http://localhost:4040/blogs","sec-ch-ua":"\"Chromium\";v=\"118\", \"Google Chrome\";v=\"118\", \"Not=A?Brand\";v=\"99\"","sec-ch-ua-mobile":"?0","sec-ch-ua-platform":"\"Windows\"","sec-fetch-dest":"image","sec-fetch-mode":"no-cors","sec-fetch-site":"same-origin","user-agent":"Mozilla/5.0 (Windows NT 10.0; Win64; x64) AppleWebKit/537.36 (KHTML, like Gecko) Chrome/118.0.0.0 Safari/537.36"},"httpVersion":"1.1","method":"GET","originalUrl":"/favicon.ico","query":{},"res":{"statusCode":200},"url":"/favicon.ico"}}
{"level":"error","message":{"msg":"404 - Not Found; url: /favicon.ico","success":false}}
{"level":"info","message":"Listening on 4040"}
{"level":"info","message":"Mongo connected to mongodb+srv://ameenahmedshariff:manubrothers@cluster0.0ejkjdw.mongodb.net/?retryWrites=true&w=majority"}
{"level":"info","message":"Listening on 4040"}
{"level":"info","message":"Mongo connected to mongodb+srv://ameenahmedshariff:manubrothers@cluster0.0ejkjdw.mongodb.net/?retryWrites=true&w=majority"}
