{"level":"info","message":"Listening on 4040"}
{"level":"info","message":"Mongo connected to mongodb://localhost:27017/production"}
{"level":"info","message":"Listening on 4040"}
{"level":"info","message":"Mongo connected to mongodb://localhost:27017/production"}
{"level":"info","message":"Listening on 4040"}
{"level":"info","message":"Mongo connected to mongodb://localhost:27017/production"}
{"level":"info","message":"Listening on 4040"}
{"level":"info","message":"Mongo connected to mongodb://localhost:27017/production"}
{"level":"info","message":"Listening on 4040"}
{"level":"info","message":"Mongo connected to mongodb://localhost:27017/production"}
{"level":"info","message":"Listening on 4040"}
{"level":"info","message":"Mongo connected to mongodb://localhost:27017/production"}
{"level":"info","message":"Listening on 4040"}
{"level":"info","message":"Mongo connected to mongodb://localhost:27017/production"}
{"level":"info","message":"Listening on 4040"}
{"level":"info","message":"Mongo connected to mongodb://localhost:27017/production"}
{"level":"info","message":"Listening on 4040"}
{"level":"info","message":"Mongo connected to mongodb://localhost:27017/production"}
{"level":"info","message":"Listening on 4040"}
{"level":"info","message":"Mongo connected to mongodb://localhost:27017/production"}
{"level":"info","message":"Listening on 4040"}
{"level":"info","message":"Mongo connected to mongodb://localhost:27017/production"}
{"level":"info","message":"Listening on 4040"}
{"level":"info","message":"Mongo connected to mongodb://localhost:27017/production"}
{"level":"info","message":"Listening on 4040"}
{"level":"info","message":"Mongo connected to mongodb://localhost:27017/production"}
{"level":"info","message":"Listening on 4040"}
{"level":"info","message":"Mongo connected to mongodb://localhost:27017/production"}
{"level":"info","message":"Listening on 4040"}
{"level":"info","message":"Mongo connected to mongodb://localhost:27017/production"}
{"level":"info","message":"Listening on 4040"}
{"level":"info","message":"Mongo connected to mongodb://localhost:27017/production"}
{"level":"info","message":"Listening on 4040"}
{"level":"info","message":"Mongo connected to mongodb://localhost:27017/production"}
{"level":"info","message":"Listening on 4040"}
{"level":"info","message":"Mongo connected to mongodb://localhost:27017/production"}
{"level":"info","message":"Listening on 4040"}
{"level":"info","message":"Mongo connected to mongodb://localhost:27017/production"}
{"level":"info","message":"Listening on 4040"}
{"level":"info","message":"Mongo connected to mongodb://localhost:27017/production"}
{"level":"info","message":"Listening on 4040"}
{"level":"info","message":"Mongo connected to mongodb://localhost:27017/production"}
{"level":"info","message":"Listening on 4040"}
{"level":"info","message":"Mongo connected to mongodb://localhost:27017/production"}
{"level":"info","message":"Listening on 4040"}
{"level":"info","message":"Mongo connected to mongodb://localhost:27017/production"}
{"level":"info","message":"Listening on 4040"}
{"level":"info","message":"Mongo connected to mongodb://localhost:27017/production"}
{"level":"info","message":"Listening on 4040"}
{"level":"info","message":"Mongo connected to mongodb://localhost:27017/production"}
{"level":"info","message":"Listening on 4040"}
{"level":"info","message":"Mongo connected to mongodb://localhost:27017/production"}
{"level":"info","message":"Listening on 4040"}
{"level":"info","message":"Mongo connected to mongodb://localhost:27017/production"}
{"level":"info","message":"Listening on 4040"}
{"level":"info","message":"Mongo connected to mongodb://localhost:27017/production"}
{"level":"info","message":"Listening on 4040"}
{"level":"info","message":"Mongo connected to mongodb://localhost:27017/production"}
{"level":"info","message":"Listening on 4040"}
{"level":"info","message":"Mongo connected to mongodb://localhost:27017/production"}
{"level":"info","message":"Listening on 4040"}
{"level":"info","message":"Mongo connected to mongodb://localhost:27017/production"}
{"level":"info","message":"Listening on 4040"}
{"level":"info","message":"Mongo connected to mongodb://localhost:27017/production"}
{"level":"info","message":"Listening on 4040"}
{"level":"info","message":"Mongo connected to mongodb://localhost:27017/production"}
{"level":"info","message":"Listening on 4040"}
{"level":"info","message":"Mongo connected to mongodb://localhost:27017/production"}
{"level":"info","message":"Listening on 4040"}
{"level":"info","message":"Mongo connected to mongodb://localhost:27017/production"}
{"level":"info","message":"Listening on 4040"}
{"level":"info","message":"Mongo connected to mongodb://localhost:27017/production"}
{"level":"info","message":"Listening on 4040"}
{"level":"info","message":"Mongo connected to mongodb://localhost:27017/production"}
{"level":"info","message":"Listening on 4040"}
{"level":"info","message":"Mongo connected to mongodb://localhost:27017/production"}
{"level":"info","message":"Listening on 4040"}
{"level":"info","message":"Mongo connected to mongodb://localhost:27017/production"}
{"level":"info","message":"Listening on 4040"}
{"level":"info","message":"Mongo connected to mongodb://localhost:27017/production"}
{"level":"info","message":"Listening on 4040"}
{"level":"info","message":"Mongo connected to mongodb://localhost:27017/production"}
{"level":"info","message":"Listening on 4040"}
{"level":"info","message":"Mongo connected to mongodb://localhost:27017/production"}
{"level":"info","message":"Listening on 4040"}
{"level":"info","message":"Mongo connected to mongodb://localhost:27017/production"}
{"level":"info","message":"Listening on 4040"}
{"level":"info","message":"Mongo connected to mongodb://localhost:27017/production"}
{"level":"info","message":"Listening on 4040"}
{"level":"info","message":"Mongo connected to mongodb://localhost:27017/production"}
{"level":"info","message":"Listening on 4040"}
{"level":"info","message":"Mongo connected to mongodb://localhost:27017/production"}
{"level":"info","message":"Listening on 4040"}
{"level":"info","message":"Mongo connected to mongodb://localhost:27017/production"}
{"level":"info","message":"Listening on 4040"}
{"level":"info","message":"Mongo connected to mongodb://localhost:27017/production"}
{"level":"info","message":"Listening on 4040"}
{"level":"info","message":"Mongo connected to mongodb://localhost:27017/production"}
{"level":"info","message":"Listening on 4040"}
{"level":"info","message":"Mongo connected to mongodb://localhost:27017/production"}
{"level":"info","message":"Listening on 4040"}
{"level":"info","message":"Mongo connected to mongodb://localhost:27017/production"}
{"level":"info","message":"Listening on 4040"}
{"level":"info","message":"Mongo connected to mongodb://localhost:27017/production"}
{"level":"info","message":"Listening on 4040"}
{"level":"info","message":"Mongo connected to mongodb://localhost:27017/production"}
{"level":"info","message":"Listening on 4040"}
{"level":"info","message":"Mongo connected to mongodb://localhost:27017/production"}
{"level":"info","message":"Listening on 4040"}
{"level":"info","message":"Mongo connected to mongodb://localhost:27017/production"}
{"level":"info","message":"Listening on 4040"}
{"level":"info","message":"Mongo connected to mongodb://localhost:27017/production"}
{"level":"info","message":"Listening on 4040"}
{"level":"info","message":"Mongo connected to mongodb://localhost:27017/production"}
{"level":"info","message":"Listening on 4040"}
{"level":"info","message":"Mongo connected to mongodb://localhost:27017/production"}
{"level":"info","message":"Listening on 4040"}
{"level":"info","message":"Mongo connected to mongodb://localhost:27017/production"}
{"level":"info","message":"Listening on 4040"}
{"level":"info","message":"Mongo connected to mongodb://localhost:27017/production"}
{"level":"info","message":"Listening on 4040"}
{"level":"info","message":"Mongo connected to mongodb://localhost:27017/production"}
{"level":"info","message":"Listening on 4040"}
{"level":"info","message":"Mongo connected to mongodb://localhost:27017/production"}
{"level":"info","message":"Listening on 4040"}
{"level":"info","message":"Mongo connected to mongodb://localhost:27017/production"}
{"level":"info","message":"Listening on 4040"}
{"level":"info","message":"Mongo connected to mongodb://localhost:27017/production"}
{"level":"info","message":"Listening on 4040"}
{"level":"info","message":"Mongo connected to mongodb://localhost:27017/production"}
{"level":"info","message":"Listening on 4040"}
{"level":"info","message":"Mongo connected to mongodb://localhost:27017/production"}
{"level":"info","message":"Listening on 4040"}
{"level":"info","message":"Mongo connected to mongodb://localhost:27017/production"}
{"level":"info","message":"Listening on 4040"}
{"level":"info","message":"Mongo connected to mongodb://localhost:27017/production"}
{"level":"info","message":"Listening on 4040"}
{"level":"info","message":"Mongo connected to mongodb://localhost:27017/production"}
{"level":"info","message":"Listening on 4040"}
{"level":"info","message":"Mongo connected to mongodb://localhost:27017/production"}
{"level":"info","message":"Listening on 4040"}
{"level":"info","message":"Mongo connected to mongodb://localhost:27017/production"}
{"level":"info","message":"Listening on 4040"}
{"level":"info","message":"Mongo connected to mongodb://localhost:27017/production"}
{"level":"info","message":"Listening on 4040"}
{"level":"info","message":"Mongo connected to mongodb://localhost:27017/production"}
{"level":"info","message":"Listening on 4040"}
{"level":"info","message":"Mongo connected to mongodb://localhost:27017/production"}
{"level":"info","message":"Listening on 4040"}
{"level":"info","message":"Mongo connected to mongodb://localhost:27017/production"}
{"level":"info","message":"Listening on 4040"}
{"level":"info","message":"Mongo connected to mongodb://localhost:27017/production"}
{"level":"info","message":"Listening on 4040"}
{"level":"info","message":"Mongo connected to mongodb://localhost:27017/production"}
{"level":"info","message":"Listening on 4040"}
{"level":"info","message":"Mongo connected to mongodb://localhost:27017/production"}
{"level":"info","message":"Listening on 4040"}
{"level":"info","message":"Mongo connected to mongodb://localhost:27017/production"}
{"level":"info","message":"Listening on 4040"}
{"level":"info","message":"Mongo connected to mongodb://localhost:27017/production"}
{"level":"info","message":"Listening on 4040"}
{"level":"info","message":"Mongo connected to mongodb://localhost:27017/production"}
{"level":"info","message":"Listening on 4040"}
{"level":"info","message":"Mongo connected to mongodb://localhost:27017/production"}
{"level":"info","message":"Listening on 4040"}
{"level":"info","message":"Mongo connected to mongodb://localhost:27017/production"}
{"level":"info","message":"Listening on 4040"}
{"level":"info","message":"Mongo connected to mongodb://localhost:27017/production"}
{"level":"info","message":"Listening on 4040"}
{"level":"info","message":"Mongo connected to mongodb://localhost:27017/production"}
{"level":"info","message":"Listening on 4040"}
{"level":"info","message":"Mongo connected to mongodb://localhost:27017/production"}
{"level":"info","message":"Listening on 4040"}
{"level":"info","message":"Mongo connected to mongodb://localhost:27017/production"}
{"level":"info","message":"Listening on 4040"}
{"level":"info","message":"Mongo connected to mongodb://localhost:27017/production"}
{"level":"info","message":"Listening on 4040"}
{"level":"info","message":"Mongo connected to mongodb://localhost:27017/production"}
{"level":"info","message":"Listening on 4040"}
{"level":"info","message":"Mongo connected to mongodb://localhost:27017/production"}
{"level":"info","message":"Listening on 4040"}
{"level":"info","message":"Mongo connected to mongodb://localhost:27017/production"}
{"level":"info","message":"Listening on 4040"}
{"level":"info","message":"Mongo connected to mongodb://localhost:27017/production"}
{"level":"info","message":"Listening on 4040"}
{"level":"info","message":"Mongo connected to mongodb://localhost:27017/production"}
{"level":"info","message":"Listening on 4040"}
{"level":"info","message":"Mongo connected to mongodb://localhost:27017/production"}
{"level":"info","message":"Listening on 4040"}
{"level":"info","message":"Mongo connected to mongodb://localhost:27017/production"}
{"level":"info","message":"Listening on 4040"}
{"level":"info","message":"Mongo connected to mongodb://localhost:27017/production"}
{"level":"info","message":"Listening on 4040"}
{"level":"info","message":"Mongo connected to mongodb://localhost:27017/production"}
{"level":"info","message":"Listening on 4040"}
{"level":"info","message":"Mongo connected to mongodb://localhost:27017/production"}
{"level":"info","message":"Listening on 4040"}
{"level":"info","message":"Mongo connected to mongodb://localhost:27017/production"}
{"level":"error","message":{"msg":"404 - Not Found; url: /api/users/login","success":false}}
{"level":"info","message":"HTTP POST /api/users/login","meta":{"req":{"headers":{"accept":"application/json, text/plain, */*","accept-encoding":"gzip, deflate, br","accept-language":"en-US,en;q=0.9,hi-IN;q=0.8,hi;q=0.7,gu-IN;q=0.6,gu;q=0.5","authorization":"Token null","connection":"keep-alive","content-length":"51","content-type":"application/json","cookie":"_ga=GA1.1.157594736.1666372783; _ga_2ND9B8ZY1C=GS1.1.1673358761.71.1.1673360318.0.0.0","dnt":"1","host":"localhost:4040","origin":"http://localhost:3002","referer":"http://localhost:3002/","sec-fetch-dest":"empty","sec-fetch-mode":"cors","sec-fetch-site":"same-site","user-agent":"Mozilla/5.0 (iPad; CPU OS 13_3 like Mac OS X) AppleWebKit/605.1.15 (KHTML, like Gecko) CriOS/87.0.4280.77 Mobile/15E148 Safari/604.1"},"httpVersion":"1.1","method":"POST","originalUrl":"/api/users/login","query":{},"url":"/api/users/login"},"res":{"statusCode":200},"responseTime":19}}
{"level":"error","message":{"msg":"404 - Not Found; url: /api/users/signin/email","success":false}}
{"level":"info","message":"HTTP POST /api/users/signin/email","meta":{"req":{"headers":{"accept":"application/json, text/plain, */*","accept-encoding":"gzip, deflate, br","accept-language":"en-US,en;q=0.9,hi-IN;q=0.8,hi;q=0.7,gu-IN;q=0.6,gu;q=0.5","authorization":"Token null","connection":"keep-alive","content-length":"51","content-type":"application/json","cookie":"_ga=GA1.1.157594736.1666372783; _ga_2ND9B8ZY1C=GS1.1.1673358761.71.1.1673360318.0.0.0","dnt":"1","host":"localhost:4040","origin":"http://localhost:3002","referer":"http://localhost:3002/","sec-fetch-dest":"empty","sec-fetch-mode":"cors","sec-fetch-site":"same-site","user-agent":"Mozilla/5.0 (iPad; CPU OS 13_3 like Mac OS X) AppleWebKit/605.1.15 (KHTML, like Gecko) CriOS/87.0.4280.77 Mobile/15E148 Safari/604.1"},"httpVersion":"1.1","method":"POST","originalUrl":"/api/users/signin/email","query":{},"url":"/api/users/signin/email"},"res":{"statusCode":200},"responseTime":2}}
{"level":"error","message":{"msg":"404 - Not Found; url: /api/users/signin/email","success":false}}
{"level":"info","message":"HTTP GET /api/users/signin/email","meta":{"req":{"headers":{"accept":"text/html,application/xhtml+xml,application/xml;q=0.9,image/avif,image/webp,image/apng,*/*;q=0.8,application/signed-exchange;v=b3;q=0.9","accept-encoding":"gzip, deflate, br","accept-language":"en-US,en;q=0.9,hi-IN;q=0.8,hi;q=0.7,gu-IN;q=0.6,gu;q=0.5","connection":"keep-alive","cookie":"_ga=GA1.1.157594736.1666372783; _ga_2ND9B8ZY1C=GS1.1.1673358761.71.1.1673360318.0.0.0","dnt":"1","host":"localhost:4040","sec-ch-ua":"\"Not_A Brand\";v=\"99\", \"Google Chrome\";v=\"109\", \"Chromium\";v=\"109\"","sec-ch-ua-mobile":"?0","sec-ch-ua-platform":"\"Windows\"","sec-fetch-dest":"document","sec-fetch-mode":"navigate","sec-fetch-site":"none","sec-fetch-user":"?1","upgrade-insecure-requests":"1","user-agent":"Mozilla/5.0 (Windows NT 10.0; Win64; x64) AppleWebKit/537.36 (KHTML, like Gecko) Chrome/109.0.0.0 Safari/537.36"},"httpVersion":"1.1","method":"GET","originalUrl":"/api/users/signin/email","query":{},"url":"/api/users/signin/email"},"res":{"statusCode":200},"responseTime":2}}
{"level":"error","message":{"msg":"404 - Not Found; url: /favicon.ico","success":false}}
{"level":"info","message":"HTTP GET /favicon.ico","meta":{"req":{"headers":{"accept":"image/avif,image/webp,image/apng,image/svg+xml,image/*,*/*;q=0.8","accept-encoding":"gzip, deflate, br","accept-language":"en-US,en;q=0.9,hi-IN;q=0.8,hi;q=0.7,gu-IN;q=0.6,gu;q=0.5","connection":"keep-alive","cookie":"_ga=GA1.1.157594736.1666372783; _ga_2ND9B8ZY1C=GS1.1.1673358761.71.1.1673360318.0.0.0","dnt":"1","host":"localhost:4040","referer":"http://localhost:4040/api/users/signin/email","sec-ch-ua":"\"Not_A Brand\";v=\"99\", \"Google Chrome\";v=\"109\", \"Chromium\";v=\"109\"","sec-ch-ua-mobile":"?0","sec-ch-ua-platform":"\"Windows\"","sec-fetch-dest":"image","sec-fetch-mode":"no-cors","sec-fetch-site":"same-origin","user-agent":"Mozilla/5.0 (Windows NT 10.0; Win64; x64) AppleWebKit/537.36 (KHTML, like Gecko) Chrome/109.0.0.0 Safari/537.36"},"httpVersion":"1.1","method":"GET","originalUrl":"/favicon.ico","query":{},"url":"/favicon.ico"},"res":{"statusCode":200},"responseTime":2}}
{"level":"info","message":"Listening on 4040"}
{"level":"info","message":"Mongo connected to mongodb://localhost:27017/production"}
{"level":"info","message":"Listening on 4040"}
{"level":"info","message":"Mongo connected to mongodb://localhost:27017/production"}
{"level":"info","message":"Listening on 4040"}
{"level":"info","message":"Mongo connected to mongodb://localhost:27017/production"}
{"level":"info","message":"Listening on 4040"}
{"level":"info","message":"Mongo connected to mongodb://localhost:27017/production"}
{"level":"info","message":"Listening on 4040"}
{"level":"info","message":"Mongo connected to mongodb://localhost:27017/production"}
{"level":"info","message":"Listening on 4040"}
{"level":"info","message":"Mongo connected to mongodb://localhost:27017/production"}
{"level":"info","message":"Listening on 4040"}
{"level":"info","message":"Mongo connected to mongodb://localhost:27017/production"}
{"level":"info","message":"Listening on 4040"}
{"level":"info","message":"Mongo connected to mongodb://localhost:27017/production"}
{"level":"info","message":"Listening on 4040"}
{"level":"info","message":"Mongo connected to mongodb://localhost:27017/production"}
{"level":"info","message":"Listening on 4040"}
{"level":"info","message":"Mongo connected to mongodb://localhost:27017/production"}
{"level":"info","message":"Listening on 4040"}
{"level":"info","message":"Mongo connected to mongodb://localhost:27017/production"}
