{"level":"info","message":"Listening on 4040"}
{"level":"info","message":"Mongo connected to mongodb://localhost:27017/production"}
{"level":"info","message":"Listening on 4040"}
{"level":"info","message":"Mongo connected to mongodb://localhost:27017/production"}
{"level":"info","message":"HTTP GET /api/users/get/data","meta":{"req":{"headers":{"accept":"application/json, text/plain, */*","accept-encoding":"gzip, deflate, br","accept-language":"en-US,en;q=0.9,hi-IN;q=0.8,hi;q=0.7,gu-IN;q=0.6,gu;q=0.5","authorization":"Token eyJhbGciOiJIUzI1NiIsInR5cCI6IkpXVCJ9.eyJpZCI6IjYzZGU0YmNiZmEyZDUzMDU4NTlhYmNlMCIsInJvbGUiOiJ1c2VyIiwiaWF0IjoxNjc1NTI3Mzc1LCJleHAiOjE2ODA3MTEzNzV9.Q2V4x7xQeoWlI0f5qAbIsyQmhwQM8wJAe3LkpYdxtIE","connection":"keep-alive","cookie":"_ga=GA1.1.157594736.1666372783; _ga_2ND9B8ZY1C=GS1.1.1673358761.71.1.1673360318.0.0.0","dnt":"1","host":"localhost:4040","if-none-match":"W/\"145-z1JROGLrGOden/gAPsM3L5pEauI\"","origin":"http://localhost:3002","referer":"http://localhost:3002/","sec-ch-ua":"\"Not_A Brand\";v=\"99\", \"Google Chrome\";v=\"109\", \"Chromium\";v=\"109\"","sec-ch-ua-mobile":"?0","sec-ch-ua-platform":"\"Windows\"","sec-fetch-dest":"empty","sec-fetch-mode":"cors","sec-fetch-site":"same-site","user-agent":"Mozilla/5.0 (Windows NT 10.0; Win64; x64) AppleWebKit/537.36 (KHTML, like Gecko) Chrome/109.0.0.0 Safari/537.36"},"httpVersion":"1.1","method":"GET","originalUrl":"/api/users/get/data","query":{},"url":"/api/users/get/data"},"res":{"statusCode":304},"responseTime":53}}
{"level":"info","message":"Listening on 4040"}
{"level":"info","message":"Mongo connected to mongodb://localhost:27017/production"}
{"level":"info","message":"Listening on 4040"}
{"level":"info","message":"Mongo connected to mongodb://localhost:27017/production"}
{"level":"info","message":"Listening on 4040"}
{"level":"info","message":"Mongo connected to mongodb://localhost:27017/production"}
{"level":"info","message":"Listening on 4040"}
{"level":"info","message":"Mongo connected to mongodb://localhost:27017/production"}
{"level":"info","message":"HTTP GET /api/users/get/profile","meta":{"req":{"headers":{"accept":"*/*","accept-encoding":"gzip, deflate, br","connection":"keep-alive","host":"localhost:4040","postman-token":"f130cd7d-25a3-458e-8903-2cd3782fe677","user-agent":"PostmanRuntime/7.30.0"},"httpVersion":"1.1","method":"GET","originalUrl":"/api/users/get/profile","query":{},"url":"/api/users/get/profile"},"res":{"statusCode":200},"responseTime":2}}
{"level":"info","message":"Listening on 4040"}
{"level":"info","message":"Mongo connected to mongodb://localhost:27017/production"}
{"level":"info","message":"Listening on 4040"}
{"level":"info","message":"Mongo connected to mongodb://localhost:27017/production"}
{"level":"info","message":"Listening on 4040"}
{"level":"info","message":"Mongo connected to mongodb://localhost:27017/production"}
{"level":"info","message":"Listening on 4040"}
{"level":"info","message":"Mongo connected to mongodb://localhost:27017/production"}
{"level":"info","message":"Listening on 4040"}
{"level":"info","message":"Mongo connected to mongodb://localhost:27017/production"}
{"level":"info","message":"Listening on 4040"}
{"level":"info","message":"Mongo connected to mongodb://localhost:27017/production"}
{"level":"info","message":"Listening on 4040"}
{"level":"info","message":"Mongo connected to mongodb://localhost:27017/production"}
{"level":"info","message":"Listening on 4040"}
{"level":"info","message":"Mongo connected to mongodb://localhost:27017/production"}
{"level":"info","message":"Listening on 4040"}
{"level":"info","message":"Mongo connected to mongodb://localhost:27017/production"}
{"level":"info","message":"Listening on 4040"}
{"level":"info","message":"Mongo connected to mongodb://localhost:27017/production"}
{"level":"info","message":"Listening on 4040"}
{"level":"info","message":"Mongo connected to mongodb://localhost:27017/production"}
{"level":"info","message":"Listening on 4040"}
{"level":"info","message":"Mongo connected to mongodb://localhost:27017/production"}
{"level":"info","message":"Listening on 4040"}
{"level":"info","message":"Mongo connected to mongodb://localhost:27017/production"}
{"level":"info","message":"Listening on 4040"}
{"level":"info","message":"Mongo connected to mongodb://localhost:27017/production"}
{"level":"info","message":"Listening on 4040"}
{"level":"info","message":"Mongo connected to mongodb://localhost:27017/production"}
{"level":"info","message":"Listening on 4040"}
{"level":"info","message":"Mongo connected to mongodb://localhost:27017/production"}
{"level":"info","message":"Listening on 4040"}
{"level":"info","message":"Mongo connected to mongodb://localhost:27017/production"}
{"level":"info","message":"Listening on 4040"}
{"level":"info","message":"Mongo connected to mongodb://localhost:27017/production"}
{"level":"info","message":"Listening on 4040"}
{"level":"info","message":"Mongo connected to mongodb://localhost:27017/production"}
{"level":"info","message":"Listening on 4040"}
{"level":"info","message":"Mongo connected to mongodb://localhost:27017/production"}
{"level":"info","message":"Listening on 4040"}
{"level":"info","message":"Mongo connected to mongodb://localhost:27017/production"}
{"level":"info","message":"Listening on 4040"}
{"level":"info","message":"Mongo connected to mongodb://localhost:27017/production"}
{"level":"info","message":"Listening on 4040"}
{"level":"info","message":"Mongo connected to mongodb://localhost:27017/production"}
{"level":"info","message":"Listening on 4040"}
{"level":"info","message":"Mongo connected to mongodb://localhost:27017/production"}
{"level":"info","message":"Listening on 4040"}
{"level":"info","message":"Mongo connected to mongodb://localhost:27017/production"}
{"level":"info","message":"Listening on 4040"}
{"level":"info","message":"Mongo connected to mongodb://localhost:27017/production"}
{"level":"info","message":"Listening on 4040"}
{"level":"info","message":"Mongo connected to mongodb://localhost:27017/production"}
{"level":"info","message":"Listening on 4040"}
{"level":"info","message":"Mongo connected to mongodb://localhost:27017/production"}
{"level":"info","message":"Listening on 4040"}
{"level":"info","message":"Mongo connected to mongodb://localhost:27017/production"}
{"level":"info","message":"Listening on 4040"}
{"level":"info","message":"Mongo connected to mongodb://localhost:27017/production"}
{"level":"info","message":"Listening on 4040"}
{"level":"info","message":"Mongo connected to mongodb://localhost:27017/production"}
{"level":"info","message":"Listening on 4040"}
{"level":"info","message":"Mongo connected to mongodb://localhost:27017/production"}
{"level":"info","message":"Listening on 4040"}
{"level":"info","message":"Mongo connected to mongodb://localhost:27017/production"}
{"level":"info","message":"Listening on 4040"}
{"level":"info","message":"Mongo connected to mongodb://localhost:27017/production"}
{"level":"info","message":"Listening on 4040"}
{"level":"info","message":"Mongo connected to mongodb://localhost:27017/production"}
{"level":"info","message":"HTTP GET /api/users/get/profile","meta":{"req":{"headers":{"accept":"*/*","accept-encoding":"gzip, deflate, br","connection":"keep-alive","host":"localhost:4040","postman-token":"02f5e7d8-a19b-4980-92c5-093a1abafa77","user-agent":"PostmanRuntime/7.30.0"},"httpVersion":"1.1","method":"GET","originalUrl":"/api/users/get/profile","query":{},"url":"/api/users/get/profile"},"res":{"statusCode":200},"responseTime":1802}}
{"level":"info","message":"HTTP GET /api/users/get/profile","meta":{"req":{"headers":{"accept":"*/*","accept-encoding":"gzip, deflate, br","connection":"keep-alive","host":"localhost:4040","postman-token":"275b951d-999b-4c48-a0ae-375d3a5c780f","user-agent":"PostmanRuntime/7.30.0"},"httpVersion":"1.1","method":"GET","originalUrl":"/api/users/get/profile","query":{},"url":"/api/users/get/profile"},"res":{"statusCode":200},"responseTime":1155}}
{"level":"info","message":"HTTP GET /api/users/get/profile","meta":{"req":{"headers":{"accept":"*/*","accept-encoding":"gzip, deflate, br","connection":"keep-alive","host":"localhost:4040","postman-token":"fcf54e80-e8b0-4e9c-a135-c39cf1951365","user-agent":"PostmanRuntime/7.30.0"},"httpVersion":"1.1","method":"GET","originalUrl":"/api/users/get/profile","query":{},"url":"/api/users/get/profile"},"res":{"statusCode":200},"responseTime":622}}
{"level":"info","message":"HTTP GET /api/users/get/profile","meta":{"req":{"headers":{"accept":"*/*","accept-encoding":"gzip, deflate, br","connection":"keep-alive","host":"localhost:4040","postman-token":"c309eb0e-0871-4e2d-9b46-982c526953d7","user-agent":"PostmanRuntime/7.30.0"},"httpVersion":"1.1","method":"GET","originalUrl":"/api/users/get/profile","query":{},"url":"/api/users/get/profile"},"res":{"statusCode":200},"responseTime":623}}
{"level":"info","message":"HTTP GET /api/users/get/profile","meta":{"req":{"headers":{"accept":"*/*","accept-encoding":"gzip, deflate, br","connection":"keep-alive","host":"localhost:4040","postman-token":"3a755249-526c-428d-a890-909371a8e25b","user-agent":"PostmanRuntime/7.30.0"},"httpVersion":"1.1","method":"GET","originalUrl":"/api/users/get/profile","query":{},"url":"/api/users/get/profile"},"res":{"statusCode":200},"responseTime":1119}}
{"level":"info","message":"HTTP GET /api/users/get/profile","meta":{"req":{"headers":{"accept":"*/*","accept-encoding":"gzip, deflate, br","connection":"keep-alive","host":"localhost:4040","postman-token":"3bdef4ef-7925-4aea-9b46-d9a569ab8f8e","user-agent":"PostmanRuntime/7.30.0"},"httpVersion":"1.1","method":"GET","originalUrl":"/api/users/get/profile","query":{},"url":"/api/users/get/profile"},"res":{"statusCode":200},"responseTime":866}}
{"level":"info","message":"HTTP GET /api/users/get/profile","meta":{"req":{"headers":{"accept":"*/*","accept-encoding":"gzip, deflate, br","connection":"keep-alive","host":"localhost:4040","postman-token":"88c5c9b5-2104-4d7f-ac6e-a1323469d62e","user-agent":"PostmanRuntime/7.30.0"},"httpVersion":"1.1","method":"GET","originalUrl":"/api/users/get/profile","query":{},"url":"/api/users/get/profile"},"res":{"statusCode":200},"responseTime":877}}
{"level":"info","message":"HTTP GET /api/users/get/profile","meta":{"req":{"headers":{"accept":"*/*","accept-encoding":"gzip, deflate, br","connection":"keep-alive","host":"localhost:4040","postman-token":"225ddeb1-2d4a-4986-b6ab-f187fdab324e","user-agent":"PostmanRuntime/7.30.0"},"httpVersion":"1.1","method":"GET","originalUrl":"/api/users/get/profile","query":{},"url":"/api/users/get/profile"},"res":{"statusCode":200},"responseTime":614}}
{"level":"info","message":"Listening on 4040"}
{"level":"info","message":"Mongo connected to mongodb://localhost:27017/production"}
{"level":"info","message":"HTTP GET /api/users/get/profile","meta":{"req":{"headers":{"accept":"*/*","accept-encoding":"gzip, deflate, br","connection":"keep-alive","host":"localhost:4040","postman-token":"f5057315-9842-45ff-83cf-410ec58cf665","user-agent":"PostmanRuntime/7.30.0"},"httpVersion":"1.1","method":"GET","originalUrl":"/api/users/get/profile","query":{},"url":"/api/users/get/profile"},"res":{"statusCode":200},"responseTime":667}}
{"level":"info","message":"HTTP GET /api/users/get/profile","meta":{"req":{"headers":{"accept":"*/*","accept-encoding":"gzip, deflate, br","connection":"keep-alive","host":"localhost:4040","postman-token":"bf608057-d33c-4a62-a3da-dbbc4633df22","user-agent":"PostmanRuntime/7.30.0"},"httpVersion":"1.1","method":"GET","originalUrl":"/api/users/get/profile","query":{},"url":"/api/users/get/profile"},"res":{"statusCode":200},"responseTime":357}}
{"level":"info","message":"HTTP GET /api/users/get/profile","meta":{"req":{"headers":{"accept":"*/*","accept-encoding":"gzip, deflate, br","connection":"keep-alive","host":"localhost:4040","postman-token":"41b2a7a9-4564-4ec2-af09-450d501164ba","user-agent":"PostmanRuntime/7.30.0"},"httpVersion":"1.1","method":"GET","originalUrl":"/api/users/get/profile","query":{},"url":"/api/users/get/profile"},"res":{"statusCode":200},"responseTime":611}}
{"level":"info","message":"HTTP GET /api/users/get/profile","meta":{"req":{"headers":{"accept":"*/*","accept-encoding":"gzip, deflate, br","connection":"keep-alive","host":"localhost:4040","postman-token":"3fc1e752-74df-4292-a223-719b94637a21","user-agent":"PostmanRuntime/7.30.0"},"httpVersion":"1.1","method":"GET","originalUrl":"/api/users/get/profile","query":{},"url":"/api/users/get/profile"},"res":{"statusCode":200},"responseTime":886}}
{"level":"info","message":"HTTP GET /api/users/get/profile","meta":{"req":{"headers":{"accept":"*/*","accept-encoding":"gzip, deflate, br","connection":"keep-alive","host":"localhost:4040","postman-token":"485f532e-49c2-4d68-ad48-de25c7afc29f","user-agent":"PostmanRuntime/7.30.0"},"httpVersion":"1.1","method":"GET","originalUrl":"/api/users/get/profile","query":{},"url":"/api/users/get/profile"},"res":{"statusCode":200},"responseTime":857}}
{"level":"info","message":"HTTP GET /api/users/get/profile","meta":{"req":{"headers":{"accept":"*/*","accept-encoding":"gzip, deflate, br","connection":"keep-alive","host":"localhost:4040","postman-token":"e6915d5b-8f7a-4dc3-b93e-4da5c427104c","user-agent":"PostmanRuntime/7.30.0"},"httpVersion":"1.1","method":"GET","originalUrl":"/api/users/get/profile","query":{},"url":"/api/users/get/profile"},"res":{"statusCode":200},"responseTime":598}}
{"level":"info","message":"HTTP GET /api/users/get/profile","meta":{"req":{"headers":{"accept":"*/*","accept-encoding":"gzip, deflate, br","connection":"keep-alive","host":"localhost:4040","postman-token":"6f8da0c8-8eea-4e41-a2ea-4b1c14f09ddc","user-agent":"PostmanRuntime/7.30.0"},"httpVersion":"1.1","method":"GET","originalUrl":"/api/users/get/profile","query":{},"url":"/api/users/get/profile"},"res":{"statusCode":200},"responseTime":643}}
{"level":"info","message":"Listening on 4040"}
{"level":"info","message":"Mongo connected to mongodb://localhost:27017/production"}
{"level":"info","message":"HTTP GET /api/users/get/profile","meta":{"req":{"headers":{"accept":"*/*","accept-encoding":"gzip, deflate, br","connection":"keep-alive","host":"localhost:4040","postman-token":"275769e8-d598-44dd-aa88-c2e58b47ed8c","user-agent":"PostmanRuntime/7.30.0"},"httpVersion":"1.1","method":"GET","originalUrl":"/api/users/get/profile","query":{},"url":"/api/users/get/profile"},"res":{"statusCode":200},"responseTime":934}}
{"level":"info","message":"HTTP GET /api/users/get/profile","meta":{"req":{"headers":{"accept":"*/*","accept-encoding":"gzip, deflate, br","connection":"keep-alive","host":"localhost:4040","postman-token":"505bf1fd-5a16-4eb4-8451-0ff3f8c2cced","user-agent":"PostmanRuntime/7.30.0"},"httpVersion":"1.1","method":"GET","originalUrl":"/api/users/get/profile","query":{},"url":"/api/users/get/profile"},"res":{"statusCode":200},"responseTime":1165}}
{"level":"info","message":"HTTP GET /api/users/get/profile","meta":{"req":{"headers":{"accept":"*/*","accept-encoding":"gzip, deflate, br","connection":"keep-alive","host":"localhost:4040","postman-token":"e6bc77ce-3ae9-4d00-9ac1-ed787042cfc1","user-agent":"PostmanRuntime/7.30.0"},"httpVersion":"1.1","method":"GET","originalUrl":"/api/users/get/profile","query":{},"url":"/api/users/get/profile"},"res":{"statusCode":200},"responseTime":1124}}
{"level":"info","message":"HTTP GET /api/users/get/profile","meta":{"req":{"headers":{"accept":"*/*","accept-encoding":"gzip, deflate, br","connection":"keep-alive","host":"localhost:4040","postman-token":"b15c54ee-837a-4391-8b8e-1d1ec5d99c10","user-agent":"PostmanRuntime/7.30.0"},"httpVersion":"1.1","method":"GET","originalUrl":"/api/users/get/profile","query":{},"url":"/api/users/get/profile"},"res":{"statusCode":200},"responseTime":624}}
{"level":"info","message":"HTTP GET /api/users/get/profile","meta":{"req":{"headers":{"accept":"*/*","accept-encoding":"gzip, deflate, br","connection":"keep-alive","host":"localhost:4040","postman-token":"964b6ab7-0bf0-4338-84a7-b4504f2a387f","user-agent":"PostmanRuntime/7.30.0"},"httpVersion":"1.1","method":"GET","originalUrl":"/api/users/get/profile","query":{},"url":"/api/users/get/profile"},"res":{"statusCode":200},"responseTime":611}}
{"level":"info","message":"HTTP GET /api/users/get/profile","meta":{"req":{"headers":{"accept":"*/*","accept-encoding":"gzip, deflate, br","connection":"keep-alive","host":"localhost:4040","postman-token":"197c2e2a-ccac-4967-b9f0-218f5904a951","user-agent":"PostmanRuntime/7.30.0"},"httpVersion":"1.1","method":"GET","originalUrl":"/api/users/get/profile","query":{},"url":"/api/users/get/profile"},"res":{"statusCode":200},"responseTime":361}}
{"level":"info","message":"HTTP GET /api/users/get/profile","meta":{"req":{"headers":{"accept":"*/*","accept-encoding":"gzip, deflate, br","connection":"keep-alive","host":"localhost:4040","postman-token":"f4804dda-4b48-4cc6-a9e9-f1061ade2e17","user-agent":"PostmanRuntime/7.30.0"},"httpVersion":"1.1","method":"GET","originalUrl":"/api/users/get/profile","query":{},"url":"/api/users/get/profile"},"res":{"statusCode":200},"responseTime":367}}
{"level":"info","message":"Listening on 4040"}
{"level":"info","message":"Mongo connected to mongodb://localhost:27017/production"}
{"level":"info","message":"HTTP GET /api/users/get/profile","meta":{"req":{"headers":{"accept":"*/*","accept-encoding":"gzip, deflate, br","connection":"keep-alive","host":"localhost:4040","postman-token":"9f45fa09-b5d4-4f3c-add4-961121cc6140","user-agent":"PostmanRuntime/7.30.0"},"httpVersion":"1.1","method":"GET","originalUrl":"/api/users/get/profile","query":{},"url":"/api/users/get/profile"},"res":{"statusCode":200},"responseTime":672}}
{"level":"info","message":"HTTP GET /api/users/get/profile","meta":{"req":{"headers":{"accept":"*/*","accept-encoding":"gzip, deflate, br","connection":"keep-alive","host":"localhost:4040","postman-token":"704701bc-42ed-4958-a373-a8ea843ba782","user-agent":"PostmanRuntime/7.30.0"},"httpVersion":"1.1","method":"GET","originalUrl":"/api/users/get/profile","query":{},"url":"/api/users/get/profile"},"res":{"statusCode":200},"responseTime":613}}
{"level":"info","message":"HTTP GET /api/users/get/profile","meta":{"req":{"headers":{"accept":"*/*","accept-encoding":"gzip, deflate, br","connection":"keep-alive","host":"localhost:4040","postman-token":"e5df417b-ce95-48d6-8e7c-c4b5d612d898","user-agent":"PostmanRuntime/7.30.0"},"httpVersion":"1.1","method":"GET","originalUrl":"/api/users/get/profile","query":{},"url":"/api/users/get/profile"},"res":{"statusCode":200},"responseTime":614}}
{"level":"info","message":"HTTP GET /api/users/get/profile","meta":{"req":{"headers":{"accept":"*/*","accept-encoding":"gzip, deflate, br","connection":"keep-alive","host":"localhost:4040","postman-token":"c7ac49eb-28da-4c82-85b6-e08f4247d80e","user-agent":"PostmanRuntime/7.30.0"},"httpVersion":"1.1","method":"GET","originalUrl":"/api/users/get/profile","query":{},"url":"/api/users/get/profile"},"res":{"statusCode":200},"responseTime":616}}
{"level":"info","message":"HTTP GET /api/users/get/profile","meta":{"req":{"headers":{"accept":"*/*","accept-encoding":"gzip, deflate, br","connection":"keep-alive","host":"localhost:4040","postman-token":"5a0bf922-ec42-4963-8073-c0b7e75f1884","user-agent":"PostmanRuntime/7.30.0"},"httpVersion":"1.1","method":"GET","originalUrl":"/api/users/get/profile","query":{},"url":"/api/users/get/profile"},"res":{"statusCode":200},"responseTime":611}}
{"level":"info","message":"HTTP GET /api/users/get/profile","meta":{"req":{"headers":{"accept":"*/*","accept-encoding":"gzip, deflate, br","connection":"keep-alive","host":"localhost:4040","postman-token":"1adaea40-7715-4f9e-88a9-27740bbd8d72","user-agent":"PostmanRuntime/7.30.0"},"httpVersion":"1.1","method":"GET","originalUrl":"/api/users/get/profile","query":{},"url":"/api/users/get/profile"},"res":{"statusCode":200},"responseTime":369}}
{"level":"info","message":"HTTP GET /api/users/get/profile","meta":{"req":{"headers":{"accept":"*/*","accept-encoding":"gzip, deflate, br","connection":"keep-alive","host":"localhost:4040","postman-token":"af8ea04f-c6f6-41c9-8318-a6ae2103d3ef","user-agent":"PostmanRuntime/7.30.0"},"httpVersion":"1.1","method":"GET","originalUrl":"/api/users/get/profile","query":{},"url":"/api/users/get/profile"},"res":{"statusCode":200},"responseTime":361}}
{"level":"info","message":"HTTP GET /api/users/get/profile","meta":{"req":{"headers":{"accept":"*/*","accept-encoding":"gzip, deflate, br","connection":"keep-alive","host":"localhost:4040","postman-token":"2860cae0-63ae-45b0-add7-78ce5608fb57","user-agent":"PostmanRuntime/7.30.0"},"httpVersion":"1.1","method":"GET","originalUrl":"/api/users/get/profile","query":{},"url":"/api/users/get/profile"},"res":{"statusCode":200},"responseTime":614}}
{"level":"info","message":"HTTP GET /api/users/get/profile","meta":{"req":{"headers":{"accept":"*/*","accept-encoding":"gzip, deflate, br","connection":"keep-alive","host":"localhost:4040","postman-token":"a3dee59c-59e9-4263-82b1-625dd0ec7256","user-agent":"PostmanRuntime/7.30.0"},"httpVersion":"1.1","method":"GET","originalUrl":"/api/users/get/profile","query":{},"url":"/api/users/get/profile"},"res":{"statusCode":200},"responseTime":611}}
{"level":"info","message":"HTTP GET /api/users/get/profile","meta":{"req":{"headers":{"accept":"*/*","accept-encoding":"gzip, deflate, br","connection":"keep-alive","host":"localhost:4040","postman-token":"7a75a09f-b3de-4158-aa03-a83b0243698b","user-agent":"PostmanRuntime/7.30.0"},"httpVersion":"1.1","method":"GET","originalUrl":"/api/users/get/profile","query":{},"url":"/api/users/get/profile"},"res":{"statusCode":200},"responseTime":361}}
{"level":"info","message":"HTTP GET /api/users/get/profile","meta":{"req":{"headers":{"accept":"*/*","accept-encoding":"gzip, deflate, br","connection":"keep-alive","host":"localhost:4040","postman-token":"4693b623-9409-4bf6-aab7-e937cf949f70","user-agent":"PostmanRuntime/7.30.0"},"httpVersion":"1.1","method":"GET","originalUrl":"/api/users/get/profile","query":{},"url":"/api/users/get/profile"},"res":{"statusCode":200},"responseTime":355}}
{"level":"info","message":"HTTP GET /api/users/get/profile","meta":{"req":{"headers":{"accept":"*/*","accept-encoding":"gzip, deflate, br","connection":"keep-alive","host":"localhost:4040","postman-token":"7a3fcd8b-4bd1-47fc-beb1-8f31fe104835","user-agent":"PostmanRuntime/7.30.0"},"httpVersion":"1.1","method":"GET","originalUrl":"/api/users/get/profile","query":{},"url":"/api/users/get/profile"},"res":{"statusCode":200},"responseTime":357}}
{"level":"info","message":"HTTP GET /api/users/get/profile","meta":{"req":{"headers":{"accept":"*/*","accept-encoding":"gzip, deflate, br","connection":"keep-alive","host":"localhost:4040","postman-token":"bce51360-e059-42ed-a838-4aff680e3129","user-agent":"PostmanRuntime/7.30.0"},"httpVersion":"1.1","method":"GET","originalUrl":"/api/users/get/profile","query":{},"url":"/api/users/get/profile"},"res":{"statusCode":200},"responseTime":367}}
{"level":"info","message":"HTTP GET /api/users/get/profile","meta":{"req":{"headers":{"accept":"*/*","accept-encoding":"gzip, deflate, br","connection":"keep-alive","host":"localhost:4040","postman-token":"2d6b7fc2-f3ca-40da-9ae9-93b7a102ddd9","user-agent":"PostmanRuntime/7.30.0"},"httpVersion":"1.1","method":"GET","originalUrl":"/api/users/get/profile","query":{},"url":"/api/users/get/profile"},"res":{"statusCode":200},"responseTime":613}}
{"level":"info","message":"HTTP GET /api/users/get/profile","meta":{"req":{"headers":{"accept":"*/*","accept-encoding":"gzip, deflate, br","connection":"keep-alive","host":"localhost:4040","postman-token":"1f61c861-ac73-46d0-ad32-5ceef3d32b85","user-agent":"PostmanRuntime/7.30.0"},"httpVersion":"1.1","method":"GET","originalUrl":"/api/users/get/profile","query":{},"url":"/api/users/get/profile"},"res":{"statusCode":200},"responseTime":613}}
{"level":"info","message":"HTTP GET /api/users/get/profile","meta":{"req":{"headers":{"accept":"*/*","accept-encoding":"gzip, deflate, br","connection":"keep-alive","host":"localhost:4040","postman-token":"c845bed9-3dc9-4c9e-be6a-5a3baa2968de","user-agent":"PostmanRuntime/7.30.0"},"httpVersion":"1.1","method":"GET","originalUrl":"/api/users/get/profile","query":{},"url":"/api/users/get/profile"},"res":{"statusCode":200},"responseTime":617}}
{"level":"info","message":"HTTP GET /api/users/get/profile","meta":{"req":{"headers":{"accept":"*/*","accept-encoding":"gzip, deflate, br","connection":"keep-alive","host":"localhost:4040","postman-token":"73fd2a93-18af-4a1c-b41b-a47588aaf716","user-agent":"PostmanRuntime/7.30.0"},"httpVersion":"1.1","method":"GET","originalUrl":"/api/users/get/profile","query":{},"url":"/api/users/get/profile"},"res":{"statusCode":200},"responseTime":617}}
{"level":"info","message":"HTTP GET /api/users/get/profile","meta":{"req":{"headers":{"accept":"*/*","accept-encoding":"gzip, deflate, br","connection":"keep-alive","host":"localhost:4040","postman-token":"04d5207c-6b7a-4393-b7f2-236d4f56c934","user-agent":"PostmanRuntime/7.30.0"},"httpVersion":"1.1","method":"GET","originalUrl":"/api/users/get/profile","query":{},"url":"/api/users/get/profile"},"res":{"statusCode":200},"responseTime":617}}
{"level":"info","message":"Listening on 4040"}
{"level":"info","message":"Mongo connected to mongodb://localhost:27017/production"}
{"level":"info","message":"Listening on 4040"}
{"level":"info","message":"Mongo connected to mongodb://localhost:27017/production"}
{"level":"info","message":"HTTP GET /api/users/get/data","meta":{"req":{"headers":{"accept":"application/json, text/plain, */*","accept-encoding":"gzip, deflate, br","accept-language":"en-US,en;q=0.9,hi-IN;q=0.8,hi;q=0.7,gu-IN;q=0.6,gu;q=0.5","authorization":"Token eyJhbGciOiJIUzI1NiIsInR5cCI6IkpXVCJ9.eyJpZCI6IjYzZGU0YmNiZmEyZDUzMDU4NTlhYmNlMCIsInJvbGUiOiJ1c2VyIiwiaWF0IjoxNjc1NTI3Mzc1LCJleHAiOjE2ODA3MTEzNzV9.Q2V4x7xQeoWlI0f5qAbIsyQmhwQM8wJAe3LkpYdxtIE","connection":"keep-alive","cookie":"_ga=GA1.1.157594736.1666372783; _ga_2ND9B8ZY1C=GS1.1.1673358761.71.1.1673360318.0.0.0","dnt":"1","host":"localhost:4040","if-none-match":"W/\"145-z1JROGLrGOden/gAPsM3L5pEauI\"","origin":"http://localhost:3002","referer":"http://localhost:3002/","sec-ch-ua":"\"Not_A Brand\";v=\"99\", \"Google Chrome\";v=\"109\", \"Chromium\";v=\"109\"","sec-ch-ua-mobile":"?0","sec-ch-ua-platform":"\"Windows\"","sec-fetch-dest":"empty","sec-fetch-mode":"cors","sec-fetch-site":"same-site","user-agent":"Mozilla/5.0 (Windows NT 10.0; Win64; x64) AppleWebKit/537.36 (KHTML, like Gecko) Chrome/109.0.0.0 Safari/537.36"},"httpVersion":"1.1","method":"GET","originalUrl":"/api/users/get/data","query":{},"url":"/api/users/get/data"},"res":{"statusCode":304},"responseTime":29}}
{"level":"info","message":"Listening on 4040"}
{"level":"info","message":"Mongo connected to mongodb://localhost:27017/production"}
{"level":"info","message":"Listening on 4040"}
{"level":"info","message":"Mongo connected to mongodb://localhost:27017/production"}
{"level":"info","message":"HTTP GET /api/users/get/data","meta":{"req":{"headers":{"accept":"application/json, text/plain, */*","accept-encoding":"gzip, deflate, br","accept-language":"en-US,en;q=0.9,hi-IN;q=0.8,hi;q=0.7,gu-IN;q=0.6,gu;q=0.5","authorization":"Token eyJhbGciOiJIUzI1NiIsInR5cCI6IkpXVCJ9.eyJpZCI6IjYzZGU0YmNiZmEyZDUzMDU4NTlhYmNlMCIsInJvbGUiOiJ1c2VyIiwiaWF0IjoxNjc1NTI3Mzc1LCJleHAiOjE2ODA3MTEzNzV9.Q2V4x7xQeoWlI0f5qAbIsyQmhwQM8wJAe3LkpYdxtIE","connection":"keep-alive","cookie":"_ga=GA1.1.157594736.1666372783; _ga_2ND9B8ZY1C=GS1.1.1673358761.71.1.1673360318.0.0.0","dnt":"1","host":"localhost:4040","if-none-match":"W/\"145-z1JROGLrGOden/gAPsM3L5pEauI\"","origin":"http://localhost:3002","referer":"http://localhost:3002/","sec-ch-ua":"\"Not_A Brand\";v=\"99\", \"Google Chrome\";v=\"109\", \"Chromium\";v=\"109\"","sec-ch-ua-mobile":"?0","sec-ch-ua-platform":"\"Windows\"","sec-fetch-dest":"empty","sec-fetch-mode":"cors","sec-fetch-site":"same-site","user-agent":"Mozilla/5.0 (Windows NT 10.0; Win64; x64) AppleWebKit/537.36 (KHTML, like Gecko) Chrome/109.0.0.0 Safari/537.36"},"httpVersion":"1.1","method":"GET","originalUrl":"/api/users/get/data","query":{},"url":"/api/users/get/data"},"res":{"statusCode":304},"responseTime":103}}
{"level":"info","message":"HTTP GET /api/users/get/profile","meta":{"req":{"headers":{"accept":"*/*","accept-encoding":"gzip, deflate, br","connection":"keep-alive","host":"localhost:4040","postman-token":"6a80d33b-7ca2-4a56-9f92-3a84d0256c9b","user-agent":"PostmanRuntime/7.30.0"},"httpVersion":"1.1","method":"GET","originalUrl":"/api/users/get/profile","query":{},"url":"/api/users/get/profile"},"res":{"statusCode":200},"responseTime":1027}}
