{"level":"info","message":"Listening on 4040"}
{"level":"info","message":"Mongo connected to mongodb://localhost:27017/production"}
{"level":"info","message":"Listening on 4040"}
{"level":"info","message":"Mongo connected to mongodb://localhost:27017/production"}
{"level":"info","message":"Listening on 4040"}
{"level":"info","message":"Mongo connected to mongodb://localhost:27017/production"}
{"level":"info","message":"Listening on 4040"}
{"level":"info","message":"Mongo connected to mongodb://localhost:27017/production"}
{"level":"info","message":"Listening on 4040"}
{"level":"info","message":"Mongo connected to mongodb://localhost:27017/production"}
{"level":"info","message":"Listening on 4040"}
{"level":"info","message":"Mongo connected to mongodb://localhost:27017/production"}
{"level":"info","message":"Listening on 4040"}
{"level":"info","message":"Mongo connected to mongodb://localhost:27017/production"}
{"level":"info","message":"Listening on 4040"}
{"level":"info","message":"Mongo connected to mongodb://localhost:27017/production"}
{"level":"info","message":"Listening on 4040"}
{"level":"info","message":"Mongo connected to mongodb://localhost:27017/production"}
{"level":"info","message":"Listening on 4040"}
{"level":"info","message":"Mongo connected to mongodb://localhost:27017/production"}
{"level":"info","message":"Listening on 4040"}
{"level":"info","message":"Mongo connected to mongodb://localhost:27017/production"}
{"level":"info","message":"Listening on 4040"}
{"level":"info","message":"Mongo connected to mongodb://localhost:27017/production"}
{"level":"error","message":{"msg":"404 - Not Found; url: /","success":false}}
{"level":"error","message":{"msg":"404 - Not Found; url: /favicon.ico","success":false}}
{"level":"error","message":{"msg":"404 - Not Found; url: /hshfslfv","success":false}}
{"level":"error","message":{"msg":"404 - Not Found; url: /favicon.ico","success":false}}
{"level":"info","message":"Listening on 4040"}
{"level":"info","message":"Mongo connected to mongodb://localhost:27017/production"}
{"level":"info","message":"Listening on 4040"}
{"level":"info","message":"Mongo connected to mongodb://localhost:27017/production"}
{"level":"error","message":{"msg":"404 - Not Found; url: /","success":false}}
{"level":"error","message":{"msg":"404 - Not Found; url: /favicon.ico","success":false}}
{"level":"info","message":"Listening on 4040"}
{"level":"info","message":"Mongo connected to mongodb://localhost:27017/production"}
{"level":"error","message":{"msg":"404 - Not Found; url: /","success":false}}
{"level":"error","message":{"msg":"404 - Not Found; url: /favicon.ico","success":false}}
{"level":"info","message":"Listening on 4040"}
{"level":"info","message":"Mongo connected to mongodb://localhost:27017/production"}
{"level":"info","message":"Listening on 4040"}
{"level":"info","message":"Mongo connected to mongodb://localhost:27017/production"}
{"level":"info","message":"Listening on 4040"}
{"level":"info","message":"Mongo connected to mongodb://localhost:27017/production"}
{"level":"error","message":{"msg":"404 - Not Found; url: /","success":false}}
{"level":"error","message":{"msg":"404 - Not Found; url: /favicon.ico","success":false}}
{"level":"info","message":"Listening on 4040"}
{"level":"info","message":"Mongo connected to mongodb://localhost:27017/production"}
{"level":"error","message":{"msg":"404 - Not Found; url: /","success":false}}
{"level":"info","message":"HTTP GET /","meta":{"req":{"headers":{"accept":"text/html,application/xhtml+xml,application/xml;q=0.9,image/avif,image/webp,image/apng,*/*;q=0.8,application/signed-exchange;v=b3;q=0.9","accept-encoding":"gzip, deflate, br","accept-language":"en-US,en;q=0.9,hi-IN;q=0.8,hi;q=0.7,gu-IN;q=0.6,gu;q=0.5","cache-control":"max-age=0","connection":"keep-alive","cookie":"_ga=GA1.1.157594736.1666372783; _ga_2ND9B8ZY1C=GS1.1.1673358761.71.1.1673360318.0.0.0","dnt":"1","host":"localhost:4040","if-none-match":"W/\"29-CVOSzq+RLRxqAp5S1+1oqmcJBgU\"","sec-ch-ua":"\"Not_A Brand\";v=\"99\", \"Google Chrome\";v=\"109\", \"Chromium\";v=\"109\"","sec-ch-ua-mobile":"?0","sec-ch-ua-platform":"\"Windows\"","sec-fetch-dest":"document","sec-fetch-mode":"navigate","sec-fetch-site":"none","sec-fetch-user":"?1","upgrade-insecure-requests":"1","user-agent":"Mozilla/5.0 (Windows NT 10.0; Win64; x64) AppleWebKit/537.36 (KHTML, like Gecko) Chrome/109.0.0.0 Safari/537.36"},"httpVersion":"1.1","method":"GET","originalUrl":"/","query":{},"url":"/"},"res":{"statusCode":304},"responseTime":4}}
{"level":"error","message":{"msg":"404 - Not Found; url: /favicon.ico","success":false}}
{"level":"info","message":"HTTP GET /favicon.ico","meta":{"req":{"headers":{"accept":"image/avif,image/webp,image/apng,image/svg+xml,image/*,*/*;q=0.8","accept-encoding":"gzip, deflate, br","accept-language":"en-US,en;q=0.9,hi-IN;q=0.8,hi;q=0.7,gu-IN;q=0.6,gu;q=0.5","connection":"keep-alive","cookie":"_ga=GA1.1.157594736.1666372783; _ga_2ND9B8ZY1C=GS1.1.1673358761.71.1.1673360318.0.0.0","dnt":"1","host":"localhost:4040","if-none-match":"W/\"29-CVOSzq+RLRxqAp5S1+1oqmcJBgU\"","referer":"http://localhost:4040/","sec-ch-ua":"\"Not_A Brand\";v=\"99\", \"Google Chrome\";v=\"109\", \"Chromium\";v=\"109\"","sec-ch-ua-mobile":"?0","sec-ch-ua-platform":"\"Windows\"","sec-fetch-dest":"image","sec-fetch-mode":"no-cors","sec-fetch-site":"same-origin","user-agent":"Mozilla/5.0 (Windows NT 10.0; Win64; x64) AppleWebKit/537.36 (KHTML, like Gecko) Chrome/109.0.0.0 Safari/537.36"},"httpVersion":"1.1","method":"GET","originalUrl":"/favicon.ico","query":{},"url":"/favicon.ico"},"res":{"statusCode":304},"responseTime":3}}
{"level":"info","message":"Listening on 4040"}
{"level":"info","message":"Mongo connected to mongodb://localhost:27017/production"}
{"level":"error","message":{"msg":"404 - Not Found; url: /","success":false}}
{"level":"info","message":"\u001b[90mGET /\u001b[39m \u001b[36m304\u001b[39m \u001b[90m3ms\u001b[39m","meta":{"req":{"headers":{"accept":"text/html,application/xhtml+xml,application/xml;q=0.9,image/avif,image/webp,image/apng,*/*;q=0.8,application/signed-exchange;v=b3;q=0.9","accept-encoding":"gzip, deflate, br","accept-language":"en-US,en;q=0.9,hi-IN;q=0.8,hi;q=0.7,gu-IN;q=0.6,gu;q=0.5","cache-control":"max-age=0","connection":"keep-alive","cookie":"_ga=GA1.1.157594736.1666372783; _ga_2ND9B8ZY1C=GS1.1.1673358761.71.1.1673360318.0.0.0","dnt":"1","host":"localhost:4040","if-none-match":"W/\"29-CVOSzq+RLRxqAp5S1+1oqmcJBgU\"","sec-ch-ua":"\"Not_A Brand\";v=\"99\", \"Google Chrome\";v=\"109\", \"Chromium\";v=\"109\"","sec-ch-ua-mobile":"?0","sec-ch-ua-platform":"\"Windows\"","sec-fetch-dest":"document","sec-fetch-mode":"navigate","sec-fetch-site":"none","sec-fetch-user":"?1","upgrade-insecure-requests":"1","user-agent":"Mozilla/5.0 (Windows NT 10.0; Win64; x64) AppleWebKit/537.36 (KHTML, like Gecko) Chrome/109.0.0.0 Safari/537.36"},"httpVersion":"1.1","method":"GET","originalUrl":"/","query":{},"url":"/"},"res":{"statusCode":304},"responseTime":3}}
{"level":"error","message":{"msg":"404 - Not Found; url: /favicon.ico","success":false}}
{"level":"info","message":"\u001b[90mGET /favicon.ico\u001b[39m \u001b[36m304\u001b[39m \u001b[90m3ms\u001b[39m","meta":{"req":{"headers":{"accept":"image/avif,image/webp,image/apng,image/svg+xml,image/*,*/*;q=0.8","accept-encoding":"gzip, deflate, br","accept-language":"en-US,en;q=0.9,hi-IN;q=0.8,hi;q=0.7,gu-IN;q=0.6,gu;q=0.5","connection":"keep-alive","cookie":"_ga=GA1.1.157594736.1666372783; _ga_2ND9B8ZY1C=GS1.1.1673358761.71.1.1673360318.0.0.0","dnt":"1","host":"localhost:4040","if-none-match":"W/\"29-CVOSzq+RLRxqAp5S1+1oqmcJBgU\"","referer":"http://localhost:4040/","sec-ch-ua":"\"Not_A Brand\";v=\"99\", \"Google Chrome\";v=\"109\", \"Chromium\";v=\"109\"","sec-ch-ua-mobile":"?0","sec-ch-ua-platform":"\"Windows\"","sec-fetch-dest":"image","sec-fetch-mode":"no-cors","sec-fetch-site":"same-origin","user-agent":"Mozilla/5.0 (Windows NT 10.0; Win64; x64) AppleWebKit/537.36 (KHTML, like Gecko) Chrome/109.0.0.0 Safari/537.36"},"httpVersion":"1.1","method":"GET","originalUrl":"/favicon.ico","query":{},"url":"/favicon.ico"},"res":{"statusCode":304},"responseTime":3}}
{"level":"info","message":"Listening on 4040"}
{"level":"info","message":"Mongo connected to mongodb://localhost:27017/production"}
{"level":"error","message":{"msg":"404 - Not Found; url: /","success":false}}
{"level":"info","message":"HTTP GET /","meta":{"req":{"headers":{"accept":"text/html,application/xhtml+xml,application/xml;q=0.9,image/avif,image/webp,image/apng,*/*;q=0.8,application/signed-exchange;v=b3;q=0.9","accept-encoding":"gzip, deflate, br","accept-language":"en-US,en;q=0.9,hi-IN;q=0.8,hi;q=0.7,gu-IN;q=0.6,gu;q=0.5","cache-control":"max-age=0","connection":"keep-alive","cookie":"_ga=GA1.1.157594736.1666372783; _ga_2ND9B8ZY1C=GS1.1.1673358761.71.1.1673360318.0.0.0","dnt":"1","host":"localhost:4040","if-none-match":"W/\"29-CVOSzq+RLRxqAp5S1+1oqmcJBgU\"","sec-ch-ua":"\"Not_A Brand\";v=\"99\", \"Google Chrome\";v=\"109\", \"Chromium\";v=\"109\"","sec-ch-ua-mobile":"?0","sec-ch-ua-platform":"\"Windows\"","sec-fetch-dest":"document","sec-fetch-mode":"navigate","sec-fetch-site":"none","sec-fetch-user":"?1","upgrade-insecure-requests":"1","user-agent":"Mozilla/5.0 (Windows NT 10.0; Win64; x64) AppleWebKit/537.36 (KHTML, like Gecko) Chrome/109.0.0.0 Safari/537.36"},"httpVersion":"1.1","method":"GET","originalUrl":"/","query":{},"url":"/"},"res":{"statusCode":304},"responseTime":4}}
{"level":"error","message":{"msg":"404 - Not Found; url: /favicon.ico","success":false}}
{"level":"info","message":"HTTP GET /favicon.ico","meta":{"req":{"headers":{"accept":"image/avif,image/webp,image/apng,image/svg+xml,image/*,*/*;q=0.8","accept-encoding":"gzip, deflate, br","accept-language":"en-US,en;q=0.9,hi-IN;q=0.8,hi;q=0.7,gu-IN;q=0.6,gu;q=0.5","connection":"keep-alive","cookie":"_ga=GA1.1.157594736.1666372783; _ga_2ND9B8ZY1C=GS1.1.1673358761.71.1.1673360318.0.0.0","dnt":"1","host":"localhost:4040","if-none-match":"W/\"29-CVOSzq+RLRxqAp5S1+1oqmcJBgU\"","referer":"http://localhost:4040/","sec-ch-ua":"\"Not_A Brand\";v=\"99\", \"Google Chrome\";v=\"109\", \"Chromium\";v=\"109\"","sec-ch-ua-mobile":"?0","sec-ch-ua-platform":"\"Windows\"","sec-fetch-dest":"image","sec-fetch-mode":"no-cors","sec-fetch-site":"same-origin","user-agent":"Mozilla/5.0 (Windows NT 10.0; Win64; x64) AppleWebKit/537.36 (KHTML, like Gecko) Chrome/109.0.0.0 Safari/537.36"},"httpVersion":"1.1","method":"GET","originalUrl":"/favicon.ico","query":{},"url":"/favicon.ico"},"res":{"statusCode":304},"responseTime":2}}
{"level":"info","message":"Listening on 4040"}
{"level":"info","message":"Mongo connected to mongodb://localhost:27017/production"}
{"level":"error","message":{"msg":"404 - Not Found; url: /","success":false}}
{"level":"error","message":{"msg":"404 - Not Found; url: /favicon.ico","success":false}}
{"level":"error","message":{"msg":"404 - Not Found; url: /","success":false}}
{"level":"error","message":{"msg":"404 - Not Found; url: /favicon.ico","success":false}}
{"level":"info","message":"Listening on 4040"}
{"level":"info","message":"Mongo connected to mongodb://localhost:27017/production"}
{"level":"error","message":{"msg":"404 - Not Found; url: /","success":false}}
{"level":"error","message":{"msg":"404 - Not Found; url: /favicon.ico","success":false}}
{"level":"info","message":"Listening on 4040"}
{"level":"info","message":"Mongo connected to mongodb://localhost:27017/production"}
{"level":"error","message":{"msg":"404 - Not Found; url: /","success":false}}
{"level":"error","message":{"msg":"404 - Not Found; url: /favicon.ico","success":false}}
{"level":"error","message":{"msg":"404 - Not Found; url: /","success":false}}
{"level":"error","message":{"msg":"404 - Not Found; url: /favicon.ico","success":false}}
{"level":"info","message":"Listening on 4040"}
{"level":"info","message":"Mongo connected to mongodb://localhost:27017/production"}
{"level":"info","message":"Listening on 4040"}
{"level":"info","message":"Mongo connected to mongodb://localhost:27017/production"}
{"level":"error","message":{"msg":"404 - Not Found; url: /","success":false}}
{"level":"error","message":{"msg":"404 - Not Found; url: /favicon.ico","success":false}}
{"level":"info","message":"Listening on 4040"}
{"level":"info","message":"Mongo connected to mongodb://localhost:27017/production"}
{"level":"error","message":{"msg":"404 - Not Found; url: /","success":false}}
{"level":"error","message":{"msg":"404 - Not Found; url: /favicon.ico","success":false}}
{"level":"info","message":"Listening on 4040"}
{"level":"info","message":"Mongo connected to mongodb://localhost:27017/production"}
{"level":"error","message":{"msg":"404 - Not Found; url: /","success":false}}
{"level":"info","message":"HTTP GET /","meta":{"req":{"headers":{"accept":"text/html,application/xhtml+xml,application/xml;q=0.9,image/avif,image/webp,image/apng,*/*;q=0.8,application/signed-exchange;v=b3;q=0.9","accept-encoding":"gzip, deflate, br","accept-language":"en-US,en;q=0.9,hi-IN;q=0.8,hi;q=0.7,gu-IN;q=0.6,gu;q=0.5","cache-control":"max-age=0","connection":"keep-alive","cookie":"_ga=GA1.1.157594736.1666372783; _ga_2ND9B8ZY1C=GS1.1.1673358761.71.1.1673360318.0.0.0","dnt":"1","host":"localhost:4040","if-none-match":"W/\"29-CVOSzq+RLRxqAp5S1+1oqmcJBgU\"","sec-ch-ua":"\"Not_A Brand\";v=\"99\", \"Google Chrome\";v=\"109\", \"Chromium\";v=\"109\"","sec-ch-ua-mobile":"?0","sec-ch-ua-platform":"\"Windows\"","sec-fetch-dest":"document","sec-fetch-mode":"navigate","sec-fetch-site":"none","sec-fetch-user":"?1","upgrade-insecure-requests":"1","user-agent":"Mozilla/5.0 (Windows NT 10.0; Win64; x64) AppleWebKit/537.36 (KHTML, like Gecko) Chrome/109.0.0.0 Safari/537.36"},"httpVersion":"1.1","method":"GET","originalUrl":"/","query":{},"url":"/"},"res":{"statusCode":304},"responseTime":4}}
{"level":"error","message":{"msg":"404 - Not Found; url: /favicon.ico","success":false}}
{"level":"info","message":"HTTP GET /favicon.ico","meta":{"req":{"headers":{"accept":"image/avif,image/webp,image/apng,image/svg+xml,image/*,*/*;q=0.8","accept-encoding":"gzip, deflate, br","accept-language":"en-US,en;q=0.9,hi-IN;q=0.8,hi;q=0.7,gu-IN;q=0.6,gu;q=0.5","connection":"keep-alive","cookie":"_ga=GA1.1.157594736.1666372783; _ga_2ND9B8ZY1C=GS1.1.1673358761.71.1.1673360318.0.0.0","dnt":"1","host":"localhost:4040","if-none-match":"W/\"29-CVOSzq+RLRxqAp5S1+1oqmcJBgU\"","referer":"http://localhost:4040/","sec-ch-ua":"\"Not_A Brand\";v=\"99\", \"Google Chrome\";v=\"109\", \"Chromium\";v=\"109\"","sec-ch-ua-mobile":"?0","sec-ch-ua-platform":"\"Windows\"","sec-fetch-dest":"image","sec-fetch-mode":"no-cors","sec-fetch-site":"same-origin","user-agent":"Mozilla/5.0 (Windows NT 10.0; Win64; x64) AppleWebKit/537.36 (KHTML, like Gecko) Chrome/109.0.0.0 Safari/537.36"},"httpVersion":"1.1","method":"GET","originalUrl":"/favicon.ico","query":{},"url":"/favicon.ico"},"res":{"statusCode":304},"responseTime":2}}
{"level":"info","message":"Listening on 4040"}
{"level":"info","message":"Mongo connected to mongodb://localhost:27017/production"}
{"level":"error","message":{"msg":"404 - Not Found; url: /","success":false}}
{"level":"info","message":"HTTP GET /","meta":{"req":{"headers":{"accept":"text/html,application/xhtml+xml,application/xml;q=0.9,image/avif,image/webp,image/apng,*/*;q=0.8,application/signed-exchange;v=b3;q=0.9","accept-encoding":"gzip, deflate, br","accept-language":"en-US,en;q=0.9,hi-IN;q=0.8,hi;q=0.7,gu-IN;q=0.6,gu;q=0.5","cache-control":"max-age=0","connection":"keep-alive","cookie":"_ga=GA1.1.157594736.1666372783; _ga_2ND9B8ZY1C=GS1.1.1673358761.71.1.1673360318.0.0.0","dnt":"1","host":"localhost:4040","if-none-match":"W/\"29-CVOSzq+RLRxqAp5S1+1oqmcJBgU\"","sec-ch-ua":"\"Not_A Brand\";v=\"99\", \"Google Chrome\";v=\"109\", \"Chromium\";v=\"109\"","sec-ch-ua-mobile":"?0","sec-ch-ua-platform":"\"Windows\"","sec-fetch-dest":"document","sec-fetch-mode":"navigate","sec-fetch-site":"none","sec-fetch-user":"?1","upgrade-insecure-requests":"1","user-agent":"Mozilla/5.0 (Windows NT 10.0; Win64; x64) AppleWebKit/537.36 (KHTML, like Gecko) Chrome/109.0.0.0 Safari/537.36"},"httpVersion":"1.1","method":"GET","originalUrl":"/","query":{},"url":"/"},"res":{"statusCode":304},"responseTime":5}}
{"level":"error","message":{"msg":"404 - Not Found; url: /favicon.ico","success":false}}
{"level":"info","message":"HTTP GET /favicon.ico","meta":{"req":{"headers":{"accept":"image/avif,image/webp,image/apng,image/svg+xml,image/*,*/*;q=0.8","accept-encoding":"gzip, deflate, br","accept-language":"en-US,en;q=0.9,hi-IN;q=0.8,hi;q=0.7,gu-IN;q=0.6,gu;q=0.5","connection":"keep-alive","cookie":"_ga=GA1.1.157594736.1666372783; _ga_2ND9B8ZY1C=GS1.1.1673358761.71.1.1673360318.0.0.0","dnt":"1","host":"localhost:4040","if-none-match":"W/\"29-CVOSzq+RLRxqAp5S1+1oqmcJBgU\"","referer":"http://localhost:4040/","sec-ch-ua":"\"Not_A Brand\";v=\"99\", \"Google Chrome\";v=\"109\", \"Chromium\";v=\"109\"","sec-ch-ua-mobile":"?0","sec-ch-ua-platform":"\"Windows\"","sec-fetch-dest":"image","sec-fetch-mode":"no-cors","sec-fetch-site":"same-origin","user-agent":"Mozilla/5.0 (Windows NT 10.0; Win64; x64) AppleWebKit/537.36 (KHTML, like Gecko) Chrome/109.0.0.0 Safari/537.36"},"httpVersion":"1.1","method":"GET","originalUrl":"/favicon.ico","query":{},"url":"/favicon.ico"},"res":{"statusCode":304},"responseTime":2}}
{"level":"error","message":{"msg":"404 - Not Found; url: /favicon.ico","success":false}}
{"level":"info","message":"HTTP GET /favicon.ico","meta":{"req":{"headers":{"accept":"image/avif,image/webp,image/apng,image/svg+xml,image/*,*/*;q=0.8","accept-encoding":"gzip, deflate, br","accept-language":"en-US,en;q=0.9,hi-IN;q=0.8,hi;q=0.7,gu-IN;q=0.6,gu;q=0.5","connection":"keep-alive","cookie":"_ga=GA1.1.157594736.1666372783; _ga_2ND9B8ZY1C=GS1.1.1673358761.71.1.1673360318.0.0.0","dnt":"1","host":"localhost:4040","if-none-match":"W/\"29-CVOSzq+RLRxqAp5S1+1oqmcJBgU\"","referer":"http://localhost:4040/","sec-ch-ua":"\"Not_A Brand\";v=\"99\", \"Google Chrome\";v=\"109\", \"Chromium\";v=\"109\"","sec-ch-ua-mobile":"?0","sec-ch-ua-platform":"\"Windows\"","sec-fetch-dest":"image","sec-fetch-mode":"no-cors","sec-fetch-site":"same-origin","user-agent":"Mozilla/5.0 (Windows NT 10.0; Win64; x64) AppleWebKit/537.36 (KHTML, like Gecko) Chrome/109.0.0.0 Safari/537.36"},"httpVersion":"1.1","method":"GET","originalUrl":"/favicon.ico","query":{},"url":"/favicon.ico"},"res":{"statusCode":304},"responseTime":61}}
